#
# A fatal error has been detected by the Java Runtime Environment:
#
#  Internal Error (generateOopMap.cpp:2164), pid=19689, tid=19703
#  fatal error: Illegal class file encountered. Try running with -Xverify:all in method main
#
# JRE version: OpenJDK Runtime Environment (11.0.7+10) (build 11.0.7+10-post-Ubuntu-2ubuntu219.10)
# Java VM: OpenJDK 64-Bit Server VM (11.0.7+10-post-Ubuntu-2ubuntu219.10, mixed mode, sharing, tiered, compressed oops, g1 gc, linux-amd64)
# Core dump will be written. Default location: Core dumps may be processed with "/usr/share/apport/apport %p %s %c %d %P %E" (or dumping to /home/shantarzysta/Downloads/projekty/KODOWNIA/core.19689)
#
# If you would like to submit a bug report, please visit:
#   https://bugs.launchpad.net/ubuntu/+source/openjdk-lts
#

---------------  S U M M A R Y ------------

Command Line: -agentlib:jdwp=transport=dt_socket,suspend=y,address=localhost:41905 -javaagent:/home/shantarzysta/.eclipse/360744286_linux_gtk_x86_64/configuration/org.eclipse.osgi/222/0/.cp/lib/javaagent-shaded.jar -Dfile.encoding=UTF-8 KODOWNIA

Host: Intel(R) Core(TM) i7-7700HQ CPU @ 2.80GHz, 8 cores, 7G, Pop!_OS 19.10
Time: Wed May 13 18:42:26 2020 CEST elapsed time: 8448 seconds (0d 2h 20m 48s)

---------------  T H R E A D  ---------------

Current thread (0x00007f6d08186800):  VMThread "VM Thread" [stack: 0x00007f6cd7f00000,0x00007f6cd8000000] [id=19703]

Stack: [0x00007f6cd7f00000,0x00007f6cd8000000],  sp=0x00007f6cd7ffdd10,  free space=1015k
Native frames: (J=compiled Java code, A=aot compiled Java code, j=interpreted, Vv=VM code, C=native code)
V  [libjvm.so+0xd8c5ca]
V  [libjvm.so+0xd8d275]
V  [libjvm.so+0x6386af]
V  [libjvm.so+0x7936ea]
V  [libjvm.so+0x79378b]
V  [libjvm.so+0x795883]
V  [libjvm.so+0x79a3da]
V  [libjvm.so+0x79a713]
V  [libjvm.so+0xb77c44]
V  [libjvm.so+0xb7893b]
V  [libjvm.so+0xb78e4b]
V  [libjvm.so+0xb1e1be]
V  [libjvm.so+0x9ba97e]
V  [libjvm.so+0xd8ee50]
V  [libjvm.so+0xd94c87]
V  [libjvm.so+0xd952c0]
V  [libjvm.so+0xd95626]
V  [libjvm.so+0xd1e7f0]
V  [libjvm.so+0xb8e7b6]

VM_Operation (0x00007f6cd67fa950): GetOrSetLocal, mode: safepoint, requested by thread 0x00007f6d081e6800


---------------  P R O C E S S  ---------------

Threads class SMR info:
_java_thread_list=0x00007f6cb0044930, length=12, elements={
0x00007f6d08017800, 0x00007f6d08189800, 0x00007f6d0818b800, 0x00007f6d08191000,
0x00007f6d08193000, 0x00007f6d08195000, 0x00007f6d08197000, 0x00007f6d081a5000,
0x00007f6d081e6800, 0x00007f6d081ea000, 0x00007f6ca4001800, 0x00007f6d08273000
}

Java Threads: ( => current thread )
  0x00007f6d08017800 JavaThread "main" [_thread_blocked, id=19692, stack(0x00007f6d0c1bf000,0x00007f6d0c2c0000)]
  0x00007f6d08189800 JavaThread "Reference Handler" daemon [_thread_blocked, id=19704, stack(0x00007f6cd7dfd000,0x00007f6cd7efe000)]
  0x00007f6d0818b800 JavaThread "Finalizer" daemon [_thread_blocked, id=19705, stack(0x00007f6cd7cfc000,0x00007f6cd7dfd000)]
  0x00007f6d08191000 JavaThread "Signal Dispatcher" daemon [_thread_blocked, id=19706, stack(0x00007f6cd6d01000,0x00007f6cd6e02000)]
  0x00007f6d08193000 JavaThread "C2 CompilerThread0" daemon [_thread_blocked, id=19708, stack(0x00007f6cd6c00000,0x00007f6cd6d01000)]
  0x00007f6d08195000 JavaThread "C1 CompilerThread0" daemon [_thread_blocked, id=19710, stack(0x00007f6cd6aff000,0x00007f6cd6c00000)]
  0x00007f6d08197000 JavaThread "Sweeper thread" daemon [_thread_blocked, id=19712, stack(0x00007f6cd69fe000,0x00007f6cd6aff000)]
  0x00007f6d081a5000 JavaThread "Common-Cleaner" daemon [_thread_blocked, id=19715, stack(0x00007f6cd68fd000,0x00007f6cd69fe000)]
  0x00007f6d081e6800 JavaThread "JDWP Transport Listener: dt_socket" daemon [_thread_blocked, id=19719, stack(0x00007f6cd66fb000,0x00007f6cd67fc000)] _threads_hazard_ptr=0x00007f6cb0044930
  0x00007f6d081ea000 JavaThread "JDWP Event Helper Thread" daemon [_thread_blocked, id=19720, stack(0x00007f6cd65fa000,0x00007f6cd66fb000)]
  0x00007f6ca4001800 JavaThread "JDWP Command Reader" daemon [_thread_in_native, id=19723, stack(0x00007f6cd64f9000,0x00007f6cd65fa000)]
  0x00007f6d08273000 JavaThread "Service Thread" daemon [_thread_blocked, id=19731, stack(0x00007f6cd63f8000,0x00007f6cd64f9000)]

Other Threads:
=>0x00007f6d08186800 VMThread "VM Thread" [stack: 0x00007f6cd7f00000,0x00007f6cd8000000] [id=19703]
  0x00007f6d08278000 WatcherThread [stack: 0x00007f6cd62f8000,0x00007f6cd63f8000] [id=19732]
  0x00007f6d08030000 GCTaskThread "GC Thread#0" [stack: 0x00007f6cf0722000,0x00007f6cf0822000] [id=19695]
  0x00007f6d08061800 ConcurrentGCThread "G1 Main Marker" [stack: 0x00007f6ce7464000,0x00007f6ce7564000] [id=19696]
  0x00007f6d08063000 ConcurrentGCThread "G1 Conc#0" [stack: 0x00007f6ce7362000,0x00007f6ce7462000] [id=19698]
  0x00007f6d080ec000 ConcurrentGCThread "G1 Refine#0" [stack: 0x00007f6ce4a58000,0x00007f6ce4b58000] [id=19700]
  0x00007f6d080ed800 ConcurrentGCThread "G1 Young RemSet Sampling" [stack: 0x00007f6ce4956000,0x00007f6ce4a56000] [id=19701]

Threads with active compile tasks:

VM state:at safepoint (normal execution)

VM Mutex/Monitor currently owned by a thread:  ([mutex/lock_event])
[0x00007f6d080140b0] Threads_lock - owner thread: 0x00007f6d08186800

Heap address: 0x0000000084e00000, size: 1970 MB, Compressed Oops mode: 32-bit
Narrow klass base: 0x0000000800000000, Narrow klass shift: 3
Compressed class space size: 1073741824 Address: 0x0000000840000000

Heap:
 garbage-first heap   total 129024K, used 4804K [0x0000000084e00000, 0x0000000100000000)
  region size 1024K, 5 young (5120K), 0 survivors (0K)
 Metaspace       used 2672K, capacity 4907K, committed 5120K, reserved 1056768K
  class space    used 246K, capacity 442K, committed 512K, reserved 1048576K
Heap Regions: E=young(eden), S=young(survivor), O=old, HS=humongous(starts), HC=humongous(continues), CS=collection set, F=free, A=archive, TAMS=top-at-mark-start (previous, next)
|   0|0x0000000084e00000, 0x0000000084e00000, 0x0000000084f00000|  0%| F|  |TAMS 0x0000000084e00000, 0x0000000084e00000| Untracked 
|   1|0x0000000084f00000, 0x0000000084f00000, 0x0000000085000000|  0%| F|  |TAMS 0x0000000084f00000, 0x0000000084f00000| Untracked 
|   2|0x0000000085000000, 0x0000000085000000, 0x0000000085100000|  0%| F|  |TAMS 0x0000000085000000, 0x0000000085000000| Untracked 
|   3|0x0000000085100000, 0x0000000085100000, 0x0000000085200000|  0%| F|  |TAMS 0x0000000085100000, 0x0000000085100000| Untracked 
|   4|0x0000000085200000, 0x0000000085200000, 0x0000000085300000|  0%| F|  |TAMS 0x0000000085200000, 0x0000000085200000| Untracked 
|   5|0x0000000085300000, 0x0000000085300000, 0x0000000085400000|  0%| F|  |TAMS 0x0000000085300000, 0x0000000085300000| Untracked 
|   6|0x0000000085400000, 0x0000000085400000, 0x0000000085500000|  0%| F|  |TAMS 0x0000000085400000, 0x0000000085400000| Untracked 
|   7|0x0000000085500000, 0x0000000085500000, 0x0000000085600000|  0%| F|  |TAMS 0x0000000085500000, 0x0000000085500000| Untracked 
|   8|0x0000000085600000, 0x0000000085600000, 0x0000000085700000|  0%| F|  |TAMS 0x0000000085600000, 0x0000000085600000| Untracked 
|   9|0x0000000085700000, 0x0000000085700000, 0x0000000085800000|  0%| F|  |TAMS 0x0000000085700000, 0x0000000085700000| Untracked 
|  10|0x0000000085800000, 0x0000000085800000, 0x0000000085900000|  0%| F|  |TAMS 0x0000000085800000, 0x0000000085800000| Untracked 
|  11|0x0000000085900000, 0x0000000085900000, 0x0000000085a00000|  0%| F|  |TAMS 0x0000000085900000, 0x0000000085900000| Untracked 
|  12|0x0000000085a00000, 0x0000000085a00000, 0x0000000085b00000|  0%| F|  |TAMS 0x0000000085a00000, 0x0000000085a00000| Untracked 
|  13|0x0000000085b00000, 0x0000000085b00000, 0x0000000085c00000|  0%| F|  |TAMS 0x0000000085b00000, 0x0000000085b00000| Untracked 
|  14|0x0000000085c00000, 0x0000000085c00000, 0x0000000085d00000|  0%| F|  |TAMS 0x0000000085c00000, 0x0000000085c00000| Untracked 
|  15|0x0000000085d00000, 0x0000000085d00000, 0x0000000085e00000|  0%| F|  |TAMS 0x0000000085d00000, 0x0000000085d00000| Untracked 
|  16|0x0000000085e00000, 0x0000000085e00000, 0x0000000085f00000|  0%| F|  |TAMS 0x0000000085e00000, 0x0000000085e00000| Untracked 
|  17|0x0000000085f00000, 0x0000000085f00000, 0x0000000086000000|  0%| F|  |TAMS 0x0000000085f00000, 0x0000000085f00000| Untracked 
|  18|0x0000000086000000, 0x0000000086000000, 0x0000000086100000|  0%| F|  |TAMS 0x0000000086000000, 0x0000000086000000| Untracked 
|  19|0x0000000086100000, 0x0000000086100000, 0x0000000086200000|  0%| F|  |TAMS 0x0000000086100000, 0x0000000086100000| Untracked 
|  20|0x0000000086200000, 0x0000000086200000, 0x0000000086300000|  0%| F|  |TAMS 0x0000000086200000, 0x0000000086200000| Untracked 
|  21|0x0000000086300000, 0x0000000086300000, 0x0000000086400000|  0%| F|  |TAMS 0x0000000086300000, 0x0000000086300000| Untracked 
|  22|0x0000000086400000, 0x0000000086400000, 0x0000000086500000|  0%| F|  |TAMS 0x0000000086400000, 0x0000000086400000| Untracked 
|  23|0x0000000086500000, 0x0000000086500000, 0x0000000086600000|  0%| F|  |TAMS 0x0000000086500000, 0x0000000086500000| Untracked 
|  24|0x0000000086600000, 0x0000000086600000, 0x0000000086700000|  0%| F|  |TAMS 0x0000000086600000, 0x0000000086600000| Untracked 
|  25|0x0000000086700000, 0x0000000086700000, 0x0000000086800000|  0%| F|  |TAMS 0x0000000086700000, 0x0000000086700000| Untracked 
|  26|0x0000000086800000, 0x0000000086800000, 0x0000000086900000|  0%| F|  |TAMS 0x0000000086800000, 0x0000000086800000| Untracked 
|  27|0x0000000086900000, 0x0000000086900000, 0x0000000086a00000|  0%| F|  |TAMS 0x0000000086900000, 0x0000000086900000| Untracked 
|  28|0x0000000086a00000, 0x0000000086a00000, 0x0000000086b00000|  0%| F|  |TAMS 0x0000000086a00000, 0x0000000086a00000| Untracked 
|  29|0x0000000086b00000, 0x0000000086b00000, 0x0000000086c00000|  0%| F|  |TAMS 0x0000000086b00000, 0x0000000086b00000| Untracked 
|  30|0x0000000086c00000, 0x0000000086c00000, 0x0000000086d00000|  0%| F|  |TAMS 0x0000000086c00000, 0x0000000086c00000| Untracked 
|  31|0x0000000086d00000, 0x0000000086d00000, 0x0000000086e00000|  0%| F|  |TAMS 0x0000000086d00000, 0x0000000086d00000| Untracked 
|  32|0x0000000086e00000, 0x0000000086e00000, 0x0000000086f00000|  0%| F|  |TAMS 0x0000000086e00000, 0x0000000086e00000| Untracked 
|  33|0x0000000086f00000, 0x0000000086f00000, 0x0000000087000000|  0%| F|  |TAMS 0x0000000086f00000, 0x0000000086f00000| Untracked 
|  34|0x0000000087000000, 0x0000000087000000, 0x0000000087100000|  0%| F|  |TAMS 0x0000000087000000, 0x0000000087000000| Untracked 
|  35|0x0000000087100000, 0x0000000087100000, 0x0000000087200000|  0%| F|  |TAMS 0x0000000087100000, 0x0000000087100000| Untracked 
|  36|0x0000000087200000, 0x0000000087200000, 0x0000000087300000|  0%| F|  |TAMS 0x0000000087200000, 0x0000000087200000| Untracked 
|  37|0x0000000087300000, 0x0000000087300000, 0x0000000087400000|  0%| F|  |TAMS 0x0000000087300000, 0x0000000087300000| Untracked 
|  38|0x0000000087400000, 0x0000000087400000, 0x0000000087500000|  0%| F|  |TAMS 0x0000000087400000, 0x0000000087400000| Untracked 
|  39|0x0000000087500000, 0x0000000087500000, 0x0000000087600000|  0%| F|  |TAMS 0x0000000087500000, 0x0000000087500000| Untracked 
|  40|0x0000000087600000, 0x0000000087600000, 0x0000000087700000|  0%| F|  |TAMS 0x0000000087600000, 0x0000000087600000| Untracked 
|  41|0x0000000087700000, 0x0000000087700000, 0x0000000087800000|  0%| F|  |TAMS 0x0000000087700000, 0x0000000087700000| Untracked 
|  42|0x0000000087800000, 0x0000000087800000, 0x0000000087900000|  0%| F|  |TAMS 0x0000000087800000, 0x0000000087800000| Untracked 
|  43|0x0000000087900000, 0x0000000087900000, 0x0000000087a00000|  0%| F|  |TAMS 0x0000000087900000, 0x0000000087900000| Untracked 
|  44|0x0000000087a00000, 0x0000000087a00000, 0x0000000087b00000|  0%| F|  |TAMS 0x0000000087a00000, 0x0000000087a00000| Untracked 
|  45|0x0000000087b00000, 0x0000000087b00000, 0x0000000087c00000|  0%| F|  |TAMS 0x0000000087b00000, 0x0000000087b00000| Untracked 
|  46|0x0000000087c00000, 0x0000000087c00000, 0x0000000087d00000|  0%| F|  |TAMS 0x0000000087c00000, 0x0000000087c00000| Untracked 
|  47|0x0000000087d00000, 0x0000000087d00000, 0x0000000087e00000|  0%| F|  |TAMS 0x0000000087d00000, 0x0000000087d00000| Untracked 
|  48|0x0000000087e00000, 0x0000000087e00000, 0x0000000087f00000|  0%| F|  |TAMS 0x0000000087e00000, 0x0000000087e00000| Untracked 
|  49|0x0000000087f00000, 0x0000000087f00000, 0x0000000088000000|  0%| F|  |TAMS 0x0000000087f00000, 0x0000000087f00000| Untracked 
|  50|0x0000000088000000, 0x0000000088000000, 0x0000000088100000|  0%| F|  |TAMS 0x0000000088000000, 0x0000000088000000| Untracked 
|  51|0x0000000088100000, 0x0000000088100000, 0x0000000088200000|  0%| F|  |TAMS 0x0000000088100000, 0x0000000088100000| Untracked 
|  52|0x0000000088200000, 0x0000000088200000, 0x0000000088300000|  0%| F|  |TAMS 0x0000000088200000, 0x0000000088200000| Untracked 
|  53|0x0000000088300000, 0x0000000088300000, 0x0000000088400000|  0%| F|  |TAMS 0x0000000088300000, 0x0000000088300000| Untracked 
|  54|0x0000000088400000, 0x0000000088400000, 0x0000000088500000|  0%| F|  |TAMS 0x0000000088400000, 0x0000000088400000| Untracked 
|  55|0x0000000088500000, 0x0000000088500000, 0x0000000088600000|  0%| F|  |TAMS 0x0000000088500000, 0x0000000088500000| Untracked 
|  56|0x0000000088600000, 0x0000000088600000, 0x0000000088700000|  0%| F|  |TAMS 0x0000000088600000, 0x0000000088600000| Untracked 
|  57|0x0000000088700000, 0x0000000088700000, 0x0000000088800000|  0%| F|  |TAMS 0x0000000088700000, 0x0000000088700000| Untracked 
|  58|0x0000000088800000, 0x0000000088800000, 0x0000000088900000|  0%| F|  |TAMS 0x0000000088800000, 0x0000000088800000| Untracked 
|  59|0x0000000088900000, 0x0000000088900000, 0x0000000088a00000|  0%| F|  |TAMS 0x0000000088900000, 0x0000000088900000| Untracked 
|  60|0x0000000088a00000, 0x0000000088a00000, 0x0000000088b00000|  0%| F|  |TAMS 0x0000000088a00000, 0x0000000088a00000| Untracked 
|  61|0x0000000088b00000, 0x0000000088b00000, 0x0000000088c00000|  0%| F|  |TAMS 0x0000000088b00000, 0x0000000088b00000| Untracked 
|  62|0x0000000088c00000, 0x0000000088c00000, 0x0000000088d00000|  0%| F|  |TAMS 0x0000000088c00000, 0x0000000088c00000| Untracked 
|  63|0x0000000088d00000, 0x0000000088d00000, 0x0000000088e00000|  0%| F|  |TAMS 0x0000000088d00000, 0x0000000088d00000| Untracked 
|  64|0x0000000088e00000, 0x0000000088e00000, 0x0000000088f00000|  0%| F|  |TAMS 0x0000000088e00000, 0x0000000088e00000| Untracked 
|  65|0x0000000088f00000, 0x0000000088f00000, 0x0000000089000000|  0%| F|  |TAMS 0x0000000088f00000, 0x0000000088f00000| Untracked 
|  66|0x0000000089000000, 0x0000000089000000, 0x0000000089100000|  0%| F|  |TAMS 0x0000000089000000, 0x0000000089000000| Untracked 
|  67|0x0000000089100000, 0x0000000089100000, 0x0000000089200000|  0%| F|  |TAMS 0x0000000089100000, 0x0000000089100000| Untracked 
|  68|0x0000000089200000, 0x0000000089200000, 0x0000000089300000|  0%| F|  |TAMS 0x0000000089200000, 0x0000000089200000| Untracked 
|  69|0x0000000089300000, 0x0000000089300000, 0x0000000089400000|  0%| F|  |TAMS 0x0000000089300000, 0x0000000089300000| Untracked 
|  70|0x0000000089400000, 0x0000000089400000, 0x0000000089500000|  0%| F|  |TAMS 0x0000000089400000, 0x0000000089400000| Untracked 
|  71|0x0000000089500000, 0x0000000089500000, 0x0000000089600000|  0%| F|  |TAMS 0x0000000089500000, 0x0000000089500000| Untracked 
|  72|0x0000000089600000, 0x0000000089600000, 0x0000000089700000|  0%| F|  |TAMS 0x0000000089600000, 0x0000000089600000| Untracked 
|  73|0x0000000089700000, 0x0000000089700000, 0x0000000089800000|  0%| F|  |TAMS 0x0000000089700000, 0x0000000089700000| Untracked 
|  74|0x0000000089800000, 0x0000000089800000, 0x0000000089900000|  0%| F|  |TAMS 0x0000000089800000, 0x0000000089800000| Untracked 
|  75|0x0000000089900000, 0x0000000089900000, 0x0000000089a00000|  0%| F|  |TAMS 0x0000000089900000, 0x0000000089900000| Untracked 
|  76|0x0000000089a00000, 0x0000000089a00000, 0x0000000089b00000|  0%| F|  |TAMS 0x0000000089a00000, 0x0000000089a00000| Untracked 
|  77|0x0000000089b00000, 0x0000000089b00000, 0x0000000089c00000|  0%| F|  |TAMS 0x0000000089b00000, 0x0000000089b00000| Untracked 
|  78|0x0000000089c00000, 0x0000000089c00000, 0x0000000089d00000|  0%| F|  |TAMS 0x0000000089c00000, 0x0000000089c00000| Untracked 
|  79|0x0000000089d00000, 0x0000000089d00000, 0x0000000089e00000|  0%| F|  |TAMS 0x0000000089d00000, 0x0000000089d00000| Untracked 
|  80|0x0000000089e00000, 0x0000000089e00000, 0x0000000089f00000|  0%| F|  |TAMS 0x0000000089e00000, 0x0000000089e00000| Untracked 
|  81|0x0000000089f00000, 0x0000000089f00000, 0x000000008a000000|  0%| F|  |TAMS 0x0000000089f00000, 0x0000000089f00000| Untracked 
|  82|0x000000008a000000, 0x000000008a000000, 0x000000008a100000|  0%| F|  |TAMS 0x000000008a000000, 0x000000008a000000| Untracked 
|  83|0x000000008a100000, 0x000000008a100000, 0x000000008a200000|  0%| F|  |TAMS 0x000000008a100000, 0x000000008a100000| Untracked 
|  84|0x000000008a200000, 0x000000008a200000, 0x000000008a300000|  0%| F|  |TAMS 0x000000008a200000, 0x000000008a200000| Untracked 
|  85|0x000000008a300000, 0x000000008a300000, 0x000000008a400000|  0%| F|  |TAMS 0x000000008a300000, 0x000000008a300000| Untracked 
|  86|0x000000008a400000, 0x000000008a400000, 0x000000008a500000|  0%| F|  |TAMS 0x000000008a400000, 0x000000008a400000| Untracked 
|  87|0x000000008a500000, 0x000000008a500000, 0x000000008a600000|  0%| F|  |TAMS 0x000000008a500000, 0x000000008a500000| Untracked 
|  88|0x000000008a600000, 0x000000008a600000, 0x000000008a700000|  0%| F|  |TAMS 0x000000008a600000, 0x000000008a600000| Untracked 
|  89|0x000000008a700000, 0x000000008a700000, 0x000000008a800000|  0%| F|  |TAMS 0x000000008a700000, 0x000000008a700000| Untracked 
|  90|0x000000008a800000, 0x000000008a800000, 0x000000008a900000|  0%| F|  |TAMS 0x000000008a800000, 0x000000008a800000| Untracked 
|  91|0x000000008a900000, 0x000000008a900000, 0x000000008aa00000|  0%| F|  |TAMS 0x000000008a900000, 0x000000008a900000| Untracked 
|  92|0x000000008aa00000, 0x000000008aa00000, 0x000000008ab00000|  0%| F|  |TAMS 0x000000008aa00000, 0x000000008aa00000| Untracked 
|  93|0x000000008ab00000, 0x000000008ab00000, 0x000000008ac00000|  0%| F|  |TAMS 0x000000008ab00000, 0x000000008ab00000| Untracked 
|  94|0x000000008ac00000, 0x000000008ac00000, 0x000000008ad00000|  0%| F|  |TAMS 0x000000008ac00000, 0x000000008ac00000| Untracked 
|  95|0x000000008ad00000, 0x000000008ad00000, 0x000000008ae00000|  0%| F|  |TAMS 0x000000008ad00000, 0x000000008ad00000| Untracked 
|  96|0x000000008ae00000, 0x000000008ae00000, 0x000000008af00000|  0%| F|  |TAMS 0x000000008ae00000, 0x000000008ae00000| Untracked 
|  97|0x000000008af00000, 0x000000008af00000, 0x000000008b000000|  0%| F|  |TAMS 0x000000008af00000, 0x000000008af00000| Untracked 
|  98|0x000000008b000000, 0x000000008b000000, 0x000000008b100000|  0%| F|  |TAMS 0x000000008b000000, 0x000000008b000000| Untracked 
|  99|0x000000008b100000, 0x000000008b100000, 0x000000008b200000|  0%| F|  |TAMS 0x000000008b100000, 0x000000008b100000| Untracked 
| 100|0x000000008b200000, 0x000000008b200000, 0x000000008b300000|  0%| F|  |TAMS 0x000000008b200000, 0x000000008b200000| Untracked 
| 101|0x000000008b300000, 0x000000008b300000, 0x000000008b400000|  0%| F|  |TAMS 0x000000008b300000, 0x000000008b300000| Untracked 
| 102|0x000000008b400000, 0x000000008b400000, 0x000000008b500000|  0%| F|  |TAMS 0x000000008b400000, 0x000000008b400000| Untracked 
| 103|0x000000008b500000, 0x000000008b500000, 0x000000008b600000|  0%| F|  |TAMS 0x000000008b500000, 0x000000008b500000| Untracked 
| 104|0x000000008b600000, 0x000000008b600000, 0x000000008b700000|  0%| F|  |TAMS 0x000000008b600000, 0x000000008b600000| Untracked 
| 105|0x000000008b700000, 0x000000008b700000, 0x000000008b800000|  0%| F|  |TAMS 0x000000008b700000, 0x000000008b700000| Untracked 
| 106|0x000000008b800000, 0x000000008b800000, 0x000000008b900000|  0%| F|  |TAMS 0x000000008b800000, 0x000000008b800000| Untracked 
| 107|0x000000008b900000, 0x000000008b900000, 0x000000008ba00000|  0%| F|  |TAMS 0x000000008b900000, 0x000000008b900000| Untracked 
| 108|0x000000008ba00000, 0x000000008ba00000, 0x000000008bb00000|  0%| F|  |TAMS 0x000000008ba00000, 0x000000008ba00000| Untracked 
| 109|0x000000008bb00000, 0x000000008bb00000, 0x000000008bc00000|  0%| F|  |TAMS 0x000000008bb00000, 0x000000008bb00000| Untracked 
| 110|0x000000008bc00000, 0x000000008bc00000, 0x000000008bd00000|  0%| F|  |TAMS 0x000000008bc00000, 0x000000008bc00000| Untracked 
| 111|0x000000008bd00000, 0x000000008bd00000, 0x000000008be00000|  0%| F|  |TAMS 0x000000008bd00000, 0x000000008bd00000| Untracked 
| 112|0x000000008be00000, 0x000000008be00000, 0x000000008bf00000|  0%| F|  |TAMS 0x000000008be00000, 0x000000008be00000| Untracked 
| 113|0x000000008bf00000, 0x000000008bf00000, 0x000000008c000000|  0%| F|  |TAMS 0x000000008bf00000, 0x000000008bf00000| Untracked 
| 114|0x000000008c000000, 0x000000008c000000, 0x000000008c100000|  0%| F|  |TAMS 0x000000008c000000, 0x000000008c000000| Untracked 
| 115|0x000000008c100000, 0x000000008c100000, 0x000000008c200000|  0%| F|  |TAMS 0x000000008c100000, 0x000000008c100000| Untracked 
| 116|0x000000008c200000, 0x000000008c200000, 0x000000008c300000|  0%| F|  |TAMS 0x000000008c200000, 0x000000008c200000| Untracked 
| 117|0x000000008c300000, 0x000000008c300000, 0x000000008c400000|  0%| F|  |TAMS 0x000000008c300000, 0x000000008c300000| Untracked 
| 118|0x000000008c400000, 0x000000008c400000, 0x000000008c500000|  0%| F|  |TAMS 0x000000008c400000, 0x000000008c400000| Untracked 
| 119|0x000000008c500000, 0x000000008c600000, 0x000000008c600000|100%| E|  |TAMS 0x000000008c500000, 0x000000008c500000| Complete 
| 120|0x000000008c600000, 0x000000008c700000, 0x000000008c700000|100%| E|CS|TAMS 0x000000008c600000, 0x000000008c600000| Complete 
| 121|0x000000008c700000, 0x000000008c800000, 0x000000008c800000|100%| E|CS|TAMS 0x000000008c700000, 0x000000008c700000| Complete 
| 122|0x000000008c800000, 0x000000008c900000, 0x000000008c900000|100%| E|CS|TAMS 0x000000008c800000, 0x000000008c800000| Complete 
| 123|0x000000008c900000, 0x000000008ca00000, 0x000000008ca00000|100%| E|CS|TAMS 0x000000008c900000, 0x000000008c900000| Complete 
|1968|0x00000000ffe00000, 0x00000000ffe47000, 0x00000000fff00000| 27%|OA|  |TAMS 0x00000000ffe00000, 0x00000000ffe00000| Untracked 
|1969|0x00000000fff00000, 0x00000000fff6a000, 0x0000000100000000| 41%|CA|  |TAMS 0x00000000fff00000, 0x00000000fff00000| Untracked 

Card table byte_map: [0x00007f6ceb74d000,0x00007f6cebb26000] _byte_map_base: 0x00007f6ceb326000

Marking Bits (Prev, Next): (CMBitMap*) 0x00007f6d08058b88, (CMBitMap*) 0x00007f6d08058bc0
 Prev Bits: [0x00007f6ce94ac000, 0x00007f6ceb374000)
 Next Bits: [0x00007f6ce75e4000, 0x00007f6ce94ac000)

Polling page: 0x00007f6d0d9db000

Metaspace:

Usage:
  Non-class:      4.36 MB capacity,     2.37 MB ( 54%) used,     1.99 MB ( 46%) free+waste,     2.69 KB ( <1%) overhead. 
      Class:    442.00 KB capacity,   246.05 KB ( 56%) used,   194.45 KB ( 44%) free+waste,     1.50 KB ( <1%) overhead. 
       Both:      4.79 MB capacity,     2.61 MB ( 54%) used,     2.18 MB ( 45%) free+waste,     4.19 KB ( <1%) overhead. 

Virtual space:
  Non-class space:        8.00 MB reserved,       4.50 MB ( 56%) committed 
      Class space:        1.00 GB reserved,     512.00 KB ( <1%) committed 
             Both:        1.01 GB reserved,       5.00 MB ( <1%) committed 

Chunk freelists:
   Non-Class:  63.00 KB
       Class:  6.00 KB
        Both:  69.00 KB

MaxMetaspaceSize: unlimited
CompressedClassSpaceSize: 1.00 GB

CodeHeap 'non-profiled nmethods': size=120032Kb used=113Kb max_used=113Kb free=119918Kb
 bounds [0x00007f6cf83d5000, 0x00007f6cf8645000, 0x00007f6cff90d000]
CodeHeap 'profiled nmethods': size=120028Kb used=527Kb max_used=527Kb free=119500Kb
 bounds [0x00007f6cf0e9e000, 0x00007f6cf110e000, 0x00007f6cf83d5000]
CodeHeap 'non-nmethods': size=5700Kb used=1127Kb max_used=1142Kb free=4572Kb
 bounds [0x00007f6cf090d000, 0x00007f6cf0b7d000, 0x00007f6cf0e9e000]
 total_blobs=846 nmethods=372 adapters=274
 compilation: enabled
              stopped_count=0, restarted_count=0
 full_count=0

Compilation events (20 events):
Event: 8427.323 Thread 0x00007f6d08195000  363       3       org.eclipse.jdt.launching.internal.org.objectweb.asm.SymbolTable::get (13 bytes)
Event: 8427.323 Thread 0x00007f6d08195000 nmethod 363 0x00007f6cf0f1c690 code [0x00007f6cf0f1c840, 0x00007f6cf0f1ca10]
Event: 8427.324 Thread 0x00007f6d08195000  364       3       org.eclipse.jdt.launching.internal.org.objectweb.asm.SymbolTable::hash (10 bytes)
Event: 8427.324 Thread 0x00007f6d08195000 nmethod 364 0x00007f6cf0f1cb10 code [0x00007f6cf0f1ccc0, 0x00007f6cf0f1ce48]
Event: 8427.324 Thread 0x00007f6d08195000  365       3       org.eclipse.jdt.launching.internal.org.objectweb.asm.ClassReader::createLabel (21 bytes)
Event: 8427.324 Thread 0x00007f6d08195000 nmethod 365 0x00007f6cf0f1cf10 code [0x00007f6cf0f1d100, 0x00007f6cf0f1d670]
Event: 8427.324 Thread 0x00007f6d08195000  366       3       org.eclipse.jdt.launching.internal.org.objectweb.asm.ClassReader::readUTF8 (23 bytes)
Event: 8427.324 Thread 0x00007f6d08195000 nmethod 366 0x00007f6cf0f1d890 code [0x00007f6cf0f1da60, 0x00007f6cf0f1dd88]
Event: 8427.324 Thread 0x00007f6d08195000  370       3       org.eclipse.jdt.launching.internal.org.objectweb.asm.Label::resolve (219 bytes)
Event: 8427.324 Thread 0x00007f6d08195000 nmethod 370 0x00007f6cf0f1df10 code [0x00007f6cf0f1e100, 0x00007f6cf0f1e6d0]
Event: 8427.324 Thread 0x00007f6d08195000  367       3       org.eclipse.jdt.launching.internal.org.objectweb.asm.ClassReader::readUtf (44 bytes)
Event: 8427.326 Thread 0x00007f6d08195000 nmethod 367 0x00007f6cf0f1ea90 code [0x00007f6cf0f1ec80, 0x00007f6cf0f1f1a8]
Event: 8427.326 Thread 0x00007f6d08195000  372       3       org.eclipse.jdt.launching.internal.org.objectweb.asm.SymbolTable::addConstantUtf8 (98 bytes)
Event: 8427.327 Thread 0x00007f6d08195000 nmethod 372 0x00007f6cf0f1f410 code [0x00007f6cf0f1f660, 0x00007f6cf0f1fd78]
Event: 8427.327 Thread 0x00007f6d08195000  369       3       org.eclipse.jdt.launching.internal.org.objectweb.asm.Label::accept (65 bytes)
Event: 8427.327 Thread 0x00007f6d08195000 nmethod 369 0x00007f6cf0f20110 code [0x00007f6cf0f20300, 0x00007f6cf0f208c8]
Event: 8427.327 Thread 0x00007f6d08195000  368       3       org.eclipse.jdt.launching.internal.org.objectweb.asm.Label::addLineNumber (89 bytes)
Event: 8427.327 Thread 0x00007f6d08195000 nmethod 368 0x00007f6cf0f20a90 code [0x00007f6cf0f20c80, 0x00007f6cf0f21208]
Event: 8427.327 Thread 0x00007f6d08195000  371       3       org.eclipse.jdt.launching.internal.org.objectweb.asm.MethodWriter::visitLineNumber (50 bytes)
Event: 8427.328 Thread 0x00007f6d08195000 nmethod 371 0x00007f6cf0f21390 code [0x00007f6cf0f21580, 0x00007f6cf0f21ab8]

GC Heap History (0 events):
No events

Deoptimization events (20 events):
Event: 0.321 Thread 0x00007f6d08017800 DEOPT PACKING pc=0x00007f6cf0efec9f sp=0x00007f6d0c2bb720
Event: 0.321 Thread 0x00007f6d08017800 DEOPT UNPACKING pc=0x00007f6cf094603a sp=0x00007f6d0c2bac08 mode 0
Event: 0.321 Thread 0x00007f6d08017800 DEOPT PACKING pc=0x00007f6cf0efec9f sp=0x00007f6d0c2bb720
Event: 0.321 Thread 0x00007f6d08017800 DEOPT UNPACKING pc=0x00007f6cf094603a sp=0x00007f6d0c2bac08 mode 0
Event: 0.324 Thread 0x00007f6d08017800 DEOPT PACKING pc=0x00007f6cf0efec9f sp=0x00007f6d0c2bb6a0
Event: 0.324 Thread 0x00007f6d08017800 DEOPT UNPACKING pc=0x00007f6cf094603a sp=0x00007f6d0c2bab88 mode 0
Event: 0.324 Thread 0x00007f6d08017800 DEOPT PACKING pc=0x00007f6cf0efec9f sp=0x00007f6d0c2bb6a0
Event: 0.324 Thread 0x00007f6d08017800 DEOPT UNPACKING pc=0x00007f6cf094603a sp=0x00007f6d0c2bab88 mode 0
Event: 0.325 Thread 0x00007f6d08017800 DEOPT PACKING pc=0x00007f6cf0efec9f sp=0x00007f6d0c2bb770
Event: 0.325 Thread 0x00007f6d08017800 DEOPT UNPACKING pc=0x00007f6cf094603a sp=0x00007f6d0c2bac58 mode 0
Event: 0.329 Thread 0x00007f6d08017800 DEOPT PACKING pc=0x00007f6cf0efec9f sp=0x00007f6d0c2ba1a0
Event: 0.329 Thread 0x00007f6d08017800 DEOPT UNPACKING pc=0x00007f6cf094603a sp=0x00007f6d0c2b9688 mode 0
Event: 0.332 Thread 0x00007f6d08017800 DEOPT PACKING pc=0x00007f6cf0efec9f sp=0x00007f6d0c2bb370
Event: 0.332 Thread 0x00007f6d08017800 DEOPT UNPACKING pc=0x00007f6cf094603a sp=0x00007f6d0c2ba858 mode 0
Event: 0.332 Thread 0x00007f6d08017800 DEOPT PACKING pc=0x00007f6cf0efec9f sp=0x00007f6d0c2bb370
Event: 0.332 Thread 0x00007f6d08017800 DEOPT UNPACKING pc=0x00007f6cf094603a sp=0x00007f6d0c2ba858 mode 0
Event: 0.333 Thread 0x00007f6d08017800 DEOPT PACKING pc=0x00007f6cf0efec9f sp=0x00007f6d0c2bb080
Event: 0.333 Thread 0x00007f6d08017800 DEOPT UNPACKING pc=0x00007f6cf094603a sp=0x00007f6d0c2ba568 mode 0
Event: 0.335 Thread 0x00007f6d08017800 DEOPT PACKING pc=0x00007f6cf0efec9f sp=0x00007f6d0c2bb4b0
Event: 0.335 Thread 0x00007f6d08017800 DEOPT UNPACKING pc=0x00007f6cf094603a sp=0x00007f6d0c2ba998 mode 0

Classes redefined (2 events):
Event: 786.209 Thread 0x00007f6d08186800 redefined class name=KODOWNIA, count=1
Event: 8427.326 Thread 0x00007f6d08186800 redefined class name=KODOWNIA, count=2

Internal exceptions (0 events):
No events

Events (20 events):
Event: 8448.752 Executing VM operation: GetFrameCount done
Event: 8448.752 Executing VM operation: GetOwnedMonitorInfo
Event: 8448.752 Executing VM operation: GetOwnedMonitorInfo done
Event: 8448.752 Executing VM operation: GetCurrentContendedMonitor
Event: 8448.752 Executing VM operation: GetCurrentContendedMonitor done
Event: 8448.753 Executing VM operation: GetOwnedMonitorInfo
Event: 8448.753 Executing VM operation: GetOwnedMonitorInfo done
Event: 8448.753 Executing VM operation: GetCurrentContendedMonitor
Event: 8448.753 Executing VM operation: GetCurrentContendedMonitor done
Event: 8448.756 Executing VM operation: GetCurrentContendedMonitor
Event: 8448.756 Executing VM operation: GetCurrentContendedMonitor done
Event: 8448.756 Executing VM operation: GetOwnedMonitorInfo
Event: 8448.757 Executing VM operation: GetOwnedMonitorInfo done
Event: 8448.790 Executing VM operation: GetFrameCount
Event: 8448.790 Executing VM operation: GetFrameCount done
Event: 8448.790 Executing VM operation: GetOwnedMonitorInfo
Event: 8448.790 Executing VM operation: GetOwnedMonitorInfo done
Event: 8448.790 Executing VM operation: GetCurrentContendedMonitor
Event: 8448.790 Executing VM operation: GetCurrentContendedMonitor done
Event: 8448.976 Executing VM operation: GetOrSetLocal


Dynamic libraries:
84e00000-8ca00000 rw-p 00000000 00:00 0 
8ca00000-ffe00000 ---p 00000000 00:00 0 
ffe00000-ffe47000 rw-p 0110b000 08:07 18615063                           /usr/lib/jvm/java-11-openjdk-amd64/lib/server/classes.jsa
ffe47000-fff00000 rw-p 00000000 00:00 0 
fff00000-fff6a000 rw-p 010a1000 08:07 18615063                           /usr/lib/jvm/java-11-openjdk-amd64/lib/server/classes.jsa
fff6a000-100000000 rw-p 00000000 00:00 0 
800000000-800002000 rwxp 00001000 08:07 18615063                         /usr/lib/jvm/java-11-openjdk-amd64/lib/server/classes.jsa
800002000-8010a0000 rw-p 00003000 08:07 18615063                         /usr/lib/jvm/java-11-openjdk-amd64/lib/server/classes.jsa
840000000-840080000 rw-p 00000000 00:00 0 
840080000-880000000 ---p 00000000 00:00 0 
5576a47ec000-5576a47ed000 r--p 00000000 08:07 18614749                   /usr/lib/jvm/java-11-openjdk-amd64/bin/java
5576a47ed000-5576a47ee000 r-xp 00001000 08:07 18614749                   /usr/lib/jvm/java-11-openjdk-amd64/bin/java
5576a47ee000-5576a47ef000 r--p 00002000 08:07 18614749                   /usr/lib/jvm/java-11-openjdk-amd64/bin/java
5576a47ef000-5576a47f0000 r--p 00002000 08:07 18614749                   /usr/lib/jvm/java-11-openjdk-amd64/bin/java
5576a47f0000-5576a47f1000 rw-p 00003000 08:07 18614749                   /usr/lib/jvm/java-11-openjdk-amd64/bin/java
5576a49bc000-5576a49dd000 rw-p 00000000 00:00 0                          [heap]
7f6c94000000-7f6c94021000 rw-p 00000000 00:00 0 
7f6c94021000-7f6c98000000 ---p 00000000 00:00 0 
7f6c9c000000-7f6c9c021000 rw-p 00000000 00:00 0 
7f6c9c021000-7f6ca0000000 ---p 00000000 00:00 0 
7f6ca0000000-7f6ca0021000 rw-p 00000000 00:00 0 
7f6ca0021000-7f6ca4000000 ---p 00000000 00:00 0 
7f6ca4000000-7f6ca4021000 rw-p 00000000 00:00 0 
7f6ca4021000-7f6ca8000000 ---p 00000000 00:00 0 
7f6ca8000000-7f6ca8021000 rw-p 00000000 00:00 0 
7f6ca8021000-7f6cac000000 ---p 00000000 00:00 0 
7f6cac000000-7f6cac021000 rw-p 00000000 00:00 0 
7f6cac021000-7f6cb0000000 ---p 00000000 00:00 0 
7f6cb0000000-7f6cb01ad000 rw-p 00000000 00:00 0 
7f6cb01ad000-7f6cb4000000 ---p 00000000 00:00 0 
7f6cb4000000-7f6cb40e8000 rw-p 00000000 00:00 0 
7f6cb40e8000-7f6cb8000000 ---p 00000000 00:00 0 
7f6cb8000000-7f6cb8021000 rw-p 00000000 00:00 0 
7f6cb8021000-7f6cbc000000 ---p 00000000 00:00 0 
7f6cbc000000-7f6cbc021000 rw-p 00000000 00:00 0 
7f6cbc021000-7f6cc0000000 ---p 00000000 00:00 0 
7f6cc0000000-7f6cc0170000 rw-p 00000000 00:00 0 
7f6cc0170000-7f6cc4000000 ---p 00000000 00:00 0 
7f6cc4000000-7f6cc4021000 rw-p 00000000 00:00 0 
7f6cc4021000-7f6cc8000000 ---p 00000000 00:00 0 
7f6cc8000000-7f6cc8021000 rw-p 00000000 00:00 0 
7f6cc8021000-7f6ccc000000 ---p 00000000 00:00 0 
7f6ccc000000-7f6ccc021000 rw-p 00000000 00:00 0 
7f6ccc021000-7f6cd0000000 ---p 00000000 00:00 0 
7f6cd0000000-7f6cd0021000 rw-p 00000000 00:00 0 
7f6cd0021000-7f6cd4000000 ---p 00000000 00:00 0 
7f6cd62f6000-7f6cd62f7000 ---p 00000000 00:00 0 
7f6cd62f7000-7f6cd63f8000 rw-p 00000000 00:00 0 
7f6cd63f8000-7f6cd63fc000 ---p 00000000 00:00 0 
7f6cd63fc000-7f6cd64f9000 rw-p 00000000 00:00 0 
7f6cd64f9000-7f6cd64fd000 ---p 00000000 00:00 0 
7f6cd64fd000-7f6cd65fa000 rw-p 00000000 00:00 0 
7f6cd65fa000-7f6cd65fe000 ---p 00000000 00:00 0 
7f6cd65fe000-7f6cd66fb000 rw-p 00000000 00:00 0 
7f6cd66fb000-7f6cd66ff000 ---p 00000000 00:00 0 
7f6cd66ff000-7f6cd67fc000 rw-p 00000000 00:00 0 
7f6cd67fc000-7f6cd6800000 ---p 00000000 00:00 0 
7f6cd6800000-7f6cd68fd000 rw-p 00000000 00:00 0 
7f6cd68fd000-7f6cd6901000 ---p 00000000 00:00 0 
7f6cd6901000-7f6cd69fe000 rw-p 00000000 00:00 0 
7f6cd69fe000-7f6cd6a02000 ---p 00000000 00:00 0 
7f6cd6a02000-7f6cd6aff000 rw-p 00000000 00:00 0 
7f6cd6aff000-7f6cd6b03000 ---p 00000000 00:00 0 
7f6cd6b03000-7f6cd6c00000 rw-p 00000000 00:00 0 
7f6cd6c00000-7f6cd6c04000 ---p 00000000 00:00 0 
7f6cd6c04000-7f6cd6d01000 rw-p 00000000 00:00 0 
7f6cd6d01000-7f6cd6d05000 ---p 00000000 00:00 0 
7f6cd6d05000-7f6cd6e02000 rw-p 00000000 00:00 0 
7f6cd6e02000-7f6cd7cfc000 r--p 00000000 08:07 18743843                   /usr/lib/locale/locale-archive
7f6cd7cfc000-7f6cd7d00000 ---p 00000000 00:00 0 
7f6cd7d00000-7f6cd7dfd000 rw-p 00000000 00:00 0 
7f6cd7dfd000-7f6cd7e01000 ---p 00000000 00:00 0 
7f6cd7e01000-7f6cd7efe000 rw-p 00000000 00:00 0 
7f6cd7efe000-7f6cd7eff000 ---p 00000000 00:00 0 
7f6cd7eff000-7f6cd8000000 rw-p 00000000 00:00 0 
7f6cd8000000-7f6cd8021000 rw-p 00000000 00:00 0 
7f6cd8021000-7f6cdc000000 ---p 00000000 00:00 0 
7f6cdc000000-7f6cdc021000 rw-p 00000000 00:00 0 
7f6cdc021000-7f6ce0000000 ---p 00000000 00:00 0 
7f6ce0000000-7f6ce0021000 rw-p 00000000 00:00 0 
7f6ce0021000-7f6ce4000000 ---p 00000000 00:00 0 
7f6ce405f000-7f6ce4063000 r--p 00000000 08:07 18614910                   /usr/lib/jvm/java-11-openjdk-amd64/lib/libnet.so
7f6ce4063000-7f6ce4072000 r-xp 00004000 08:07 18614910                   /usr/lib/jvm/java-11-openjdk-amd64/lib/libnet.so
7f6ce4072000-7f6ce4076000 r--p 00013000 08:07 18614910                   /usr/lib/jvm/java-11-openjdk-amd64/lib/libnet.so
7f6ce4076000-7f6ce4077000 r--p 00016000 08:07 18614910                   /usr/lib/jvm/java-11-openjdk-amd64/lib/libnet.so
7f6ce4077000-7f6ce4078000 rw-p 00017000 08:07 18614910                   /usr/lib/jvm/java-11-openjdk-amd64/lib/libnet.so
7f6ce4078000-7f6ce45d4000 rw-p 00000000 00:00 0 
7f6ce45d4000-7f6ce4954000 ---p 00000000 00:00 0 
7f6ce4954000-7f6ce4955000 ---p 00000000 00:00 0 
7f6ce4955000-7f6ce4a56000 rw-p 00000000 00:00 0 
7f6ce4a56000-7f6ce4a57000 ---p 00000000 00:00 0 
7f6ce4a57000-7f6ce7360000 rw-p 00000000 00:00 0 
7f6ce7360000-7f6ce7361000 ---p 00000000 00:00 0 
7f6ce7361000-7f6ce7462000 rw-p 00000000 00:00 0 
7f6ce7462000-7f6ce7463000 ---p 00000000 00:00 0 
7f6ce7463000-7f6ce77d4000 rw-p 00000000 00:00 0 
7f6ce77d4000-7f6ce94a4000 ---p 00000000 00:00 0 
7f6ce94a4000-7f6ce969c000 rw-p 00000000 00:00 0 
7f6ce969c000-7f6ceb36c000 ---p 00000000 00:00 0 
7f6ceb36c000-7f6ceb3b2000 rw-p 00000000 00:00 0 
7f6ceb3b2000-7f6ceb74c000 ---p 00000000 00:00 0 
7f6ceb74c000-7f6ceb78b000 rw-p 00000000 00:00 0 
7f6ceb78b000-7f6cebb25000 ---p 00000000 00:00 0 
7f6cebb25000-7f6cebb64000 rw-p 00000000 00:00 0 
7f6cebb64000-7f6cebefe000 ---p 00000000 00:00 0 
7f6cebefe000-7f6cec000000 rw-p 00000000 00:00 0 
7f6cec000000-7f6cec021000 rw-p 00000000 00:00 0 
7f6cec021000-7f6cf0000000 ---p 00000000 00:00 0 
7f6cf0005000-7f6cf000c000 r--p 00000000 08:07 18614911                   /usr/lib/jvm/java-11-openjdk-amd64/lib/libnio.so
7f6cf000c000-7f6cf0014000 r-xp 00007000 08:07 18614911                   /usr/lib/jvm/java-11-openjdk-amd64/lib/libnio.so
7f6cf0014000-7f6cf0017000 r--p 0000f000 08:07 18614911                   /usr/lib/jvm/java-11-openjdk-amd64/lib/libnio.so
7f6cf0017000-7f6cf0018000 r--p 00011000 08:07 18614911                   /usr/lib/jvm/java-11-openjdk-amd64/lib/libnio.so
7f6cf0018000-7f6cf0019000 rw-p 00012000 08:07 18614911                   /usr/lib/jvm/java-11-openjdk-amd64/lib/libnio.so
7f6cf0019000-7f6cf0720000 rw-p 00000000 00:00 0 
7f6cf0720000-7f6cf0721000 ---p 00000000 00:00 0 
7f6cf0721000-7f6cf0827000 rw-p 00000000 00:00 0 
7f6cf0827000-7f6cf090d000 ---p 00000000 00:00 0 
7f6cf090d000-7f6cf0b7d000 rwxp 00000000 00:00 0 
7f6cf0b7d000-7f6cf0e9e000 ---p 00000000 00:00 0 
7f6cf0e9e000-7f6cf110e000 rwxp 00000000 00:00 0 
7f6cf110e000-7f6cf83d5000 ---p 00000000 00:00 0 
7f6cf83d5000-7f6cf8645000 rwxp 00000000 00:00 0 
7f6cf8645000-7f6cff90d000 ---p 00000000 00:00 0 
7f6cff90d000-7f6d08000000 r--s 00000000 08:07 18614921                   /usr/lib/jvm/java-11-openjdk-amd64/lib/modules
7f6d08000000-7f6d08335000 rw-p 00000000 00:00 0 
7f6d08335000-7f6d0c000000 ---p 00000000 00:00 0 
7f6d0c00c000-7f6d0c00e000 r--p 00000000 08:07 18614888                   /usr/lib/jvm/java-11-openjdk-amd64/lib/libdt_socket.so
7f6d0c00e000-7f6d0c011000 r-xp 00002000 08:07 18614888                   /usr/lib/jvm/java-11-openjdk-amd64/lib/libdt_socket.so
7f6d0c011000-7f6d0c012000 r--p 00005000 08:07 18614888                   /usr/lib/jvm/java-11-openjdk-amd64/lib/libdt_socket.so
7f6d0c012000-7f6d0c013000 r--p 00005000 08:07 18614888                   /usr/lib/jvm/java-11-openjdk-amd64/lib/libdt_socket.so
7f6d0c013000-7f6d0c014000 rw-p 00006000 08:07 18614888                   /usr/lib/jvm/java-11-openjdk-amd64/lib/libdt_socket.so
7f6d0c014000-7f6d0c019000 rw-p 00000000 00:00 0 
7f6d0c019000-7f6d0c0ff000 ---p 00000000 00:00 0 
7f6d0c0ff000-7f6d0c104000 rw-p 00000000 00:00 0 
7f6d0c104000-7f6d0c10b000 ---p 00000000 00:00 0 
7f6d0c10b000-7f6d0c10e000 r--p 00000000 08:07 19270553                   /usr/lib/x86_64-linux-gnu/libnss_files-2.30.so
7f6d0c10e000-7f6d0c115000 r-xp 00003000 08:07 19270553                   /usr/lib/x86_64-linux-gnu/libnss_files-2.30.so
7f6d0c115000-7f6d0c117000 r--p 0000a000 08:07 19270553                   /usr/lib/x86_64-linux-gnu/libnss_files-2.30.so
7f6d0c117000-7f6d0c118000 r--p 0000b000 08:07 19270553                   /usr/lib/x86_64-linux-gnu/libnss_files-2.30.so
7f6d0c118000-7f6d0c119000 rw-p 0000c000 08:07 19270553                   /usr/lib/x86_64-linux-gnu/libnss_files-2.30.so
7f6d0c119000-7f6d0c11f000 rw-p 00000000 00:00 0 
7f6d0c11f000-7f6d0c126000 r--s 00000000 08:07 19275176                   /usr/lib/x86_64-linux-gnu/gconv/gconv-modules.cache
7f6d0c126000-7f6d0c128000 r--s 0000c000 08:07 20578659                   /usr/share/java/java-atk-wrapper.jar
7f6d0c128000-7f6d0c12a000 r--p 00000000 08:07 18614901                   /usr/lib/jvm/java-11-openjdk-amd64/lib/libjimage.so
7f6d0c12a000-7f6d0c12d000 r-xp 00002000 08:07 18614901                   /usr/lib/jvm/java-11-openjdk-amd64/lib/libjimage.so
7f6d0c12d000-7f6d0c12e000 r--p 00005000 08:07 18614901                   /usr/lib/jvm/java-11-openjdk-amd64/lib/libjimage.so
7f6d0c12e000-7f6d0c12f000 ---p 00006000 08:07 18614901                   /usr/lib/jvm/java-11-openjdk-amd64/lib/libjimage.so
7f6d0c12f000-7f6d0c130000 r--p 00006000 08:07 18614901                   /usr/lib/jvm/java-11-openjdk-amd64/lib/libjimage.so
7f6d0c130000-7f6d0c131000 rw-p 00007000 08:07 18614901                   /usr/lib/jvm/java-11-openjdk-amd64/lib/libjimage.so
7f6d0c131000-7f6d0c133000 r--p 00000000 08:07 18614920                   /usr/lib/jvm/java-11-openjdk-amd64/lib/libzip.so
7f6d0c133000-7f6d0c137000 r-xp 00002000 08:07 18614920                   /usr/lib/jvm/java-11-openjdk-amd64/lib/libzip.so
7f6d0c137000-7f6d0c139000 r--p 00006000 08:07 18614920                   /usr/lib/jvm/java-11-openjdk-amd64/lib/libzip.so
7f6d0c139000-7f6d0c13a000 r--p 00007000 08:07 18614920                   /usr/lib/jvm/java-11-openjdk-amd64/lib/libzip.so
7f6d0c13a000-7f6d0c13b000 rw-p 00008000 08:07 18614920                   /usr/lib/jvm/java-11-openjdk-amd64/lib/libzip.so
7f6d0c13b000-7f6d0c13d000 r--p 00000000 08:07 18614891                   /usr/lib/jvm/java-11-openjdk-amd64/lib/libinstrument.so
7f6d0c13d000-7f6d0c143000 r-xp 00002000 08:07 18614891                   /usr/lib/jvm/java-11-openjdk-amd64/lib/libinstrument.so
7f6d0c143000-7f6d0c146000 r--p 00008000 08:07 18614891                   /usr/lib/jvm/java-11-openjdk-amd64/lib/libinstrument.so
7f6d0c146000-7f6d0c147000 r--p 0000a000 08:07 18614891                   /usr/lib/jvm/java-11-openjdk-amd64/lib/libinstrument.so
7f6d0c147000-7f6d0c148000 rw-p 0000b000 08:07 18614891                   /usr/lib/jvm/java-11-openjdk-amd64/lib/libinstrument.so
7f6d0c148000-7f6d0c14a000 r--p 00000000 08:07 18614899                   /usr/lib/jvm/java-11-openjdk-amd64/lib/libjdwp.so
7f6d0c14a000-7f6d0c176000 r-xp 00002000 08:07 18614899                   /usr/lib/jvm/java-11-openjdk-amd64/lib/libjdwp.so
7f6d0c176000-7f6d0c184000 r--p 0002e000 08:07 18614899                   /usr/lib/jvm/java-11-openjdk-amd64/lib/libjdwp.so
7f6d0c184000-7f6d0c185000 r--p 0003b000 08:07 18614899                   /usr/lib/jvm/java-11-openjdk-amd64/lib/libjdwp.so
7f6d0c185000-7f6d0c186000 rw-p 0003c000 08:07 18614899                   /usr/lib/jvm/java-11-openjdk-amd64/lib/libjdwp.so
7f6d0c186000-7f6d0c194000 r--p 00000000 08:07 18614896                   /usr/lib/jvm/java-11-openjdk-amd64/lib/libjava.so
7f6d0c194000-7f6d0c1aa000 r-xp 0000e000 08:07 18614896                   /usr/lib/jvm/java-11-openjdk-amd64/lib/libjava.so
7f6d0c1aa000-7f6d0c1b1000 r--p 00024000 08:07 18614896                   /usr/lib/jvm/java-11-openjdk-amd64/lib/libjava.so
7f6d0c1b1000-7f6d0c1b2000 r--p 0002a000 08:07 18614896                   /usr/lib/jvm/java-11-openjdk-amd64/lib/libjava.so
7f6d0c1b2000-7f6d0c1b4000 rw-p 0002b000 08:07 18614896                   /usr/lib/jvm/java-11-openjdk-amd64/lib/libjava.so
7f6d0c1b4000-7f6d0c1b7000 r--p 00000000 08:07 19271317                   /usr/lib/x86_64-linux-gnu/librt-2.30.so
7f6d0c1b7000-7f6d0c1bb000 r-xp 00003000 08:07 19271317                   /usr/lib/x86_64-linux-gnu/librt-2.30.so
7f6d0c1bb000-7f6d0c1bd000 r--p 00007000 08:07 19271317                   /usr/lib/x86_64-linux-gnu/librt-2.30.so
7f6d0c1bd000-7f6d0c1be000 r--p 00008000 08:07 19271317                   /usr/lib/x86_64-linux-gnu/librt-2.30.so
7f6d0c1be000-7f6d0c1bf000 rw-p 00009000 08:07 19271317                   /usr/lib/x86_64-linux-gnu/librt-2.30.so
7f6d0c1bf000-7f6d0c1c3000 ---p 00000000 00:00 0 
7f6d0c1c3000-7f6d0c2c0000 rw-p 00000000 00:00 0 
7f6d0c2c0000-7f6d0c2c3000 r--p 00000000 08:07 19270852                   /usr/lib/x86_64-linux-gnu/libgcc_s.so.1
7f6d0c2c3000-7f6d0c2d4000 r-xp 00003000 08:07 19270852                   /usr/lib/x86_64-linux-gnu/libgcc_s.so.1
7f6d0c2d4000-7f6d0c2d8000 r--p 00014000 08:07 19270852                   /usr/lib/x86_64-linux-gnu/libgcc_s.so.1
7f6d0c2d8000-7f6d0c2d9000 r--p 00017000 08:07 19270852                   /usr/lib/x86_64-linux-gnu/libgcc_s.so.1
7f6d0c2d9000-7f6d0c2da000 rw-p 00018000 08:07 19270852                   /usr/lib/x86_64-linux-gnu/libgcc_s.so.1
7f6d0c2da000-7f6d0c2e9000 r--p 00000000 08:07 19270308                   /usr/lib/x86_64-linux-gnu/libm-2.30.so
7f6d0c2e9000-7f6d0c390000 r-xp 0000f000 08:07 19270308                   /usr/lib/x86_64-linux-gnu/libm-2.30.so
7f6d0c390000-7f6d0c427000 r--p 000b6000 08:07 19270308                   /usr/lib/x86_64-linux-gnu/libm-2.30.so
7f6d0c427000-7f6d0c428000 r--p 0014c000 08:07 19270308                   /usr/lib/x86_64-linux-gnu/libm-2.30.so
7f6d0c428000-7f6d0c429000 rw-p 0014d000 08:07 19270308                   /usr/lib/x86_64-linux-gnu/libm-2.30.so
7f6d0c429000-7f6d0c4bf000 r--p 00000000 08:07 19271805                   /usr/lib/x86_64-linux-gnu/libstdc++.so.6.0.28
7f6d0c4bf000-7f6d0c5bc000 r-xp 00096000 08:07 19271805                   /usr/lib/x86_64-linux-gnu/libstdc++.so.6.0.28
7f6d0c5bc000-7f6d0c606000 r--p 00193000 08:07 19271805                   /usr/lib/x86_64-linux-gnu/libstdc++.so.6.0.28
7f6d0c606000-7f6d0c611000 r--p 001dc000 08:07 19271805                   /usr/lib/x86_64-linux-gnu/libstdc++.so.6.0.28
7f6d0c611000-7f6d0c614000 rw-p 001e7000 08:07 19271805                   /usr/lib/x86_64-linux-gnu/libstdc++.so.6.0.28
7f6d0c614000-7f6d0c617000 rw-p 00000000 00:00 0 
7f6d0c617000-7f6d0c884000 r--p 00000000 08:07 18614926                   /usr/lib/jvm/java-11-openjdk-amd64/lib/server/libjvm.so
7f6d0c884000-7f6d0d417000 r-xp 0026d000 08:07 18614926                   /usr/lib/jvm/java-11-openjdk-amd64/lib/server/libjvm.so
7f6d0d417000-7f6d0d64d000 r--p 00e00000 08:07 18614926                   /usr/lib/jvm/java-11-openjdk-amd64/lib/server/libjvm.so
7f6d0d64d000-7f6d0d64e000 ---p 01036000 08:07 18614926                   /usr/lib/jvm/java-11-openjdk-amd64/lib/server/libjvm.so
7f6d0d64e000-7f6d0d70b000 r--p 01036000 08:07 18614926                   /usr/lib/jvm/java-11-openjdk-amd64/lib/server/libjvm.so
7f6d0d70b000-7f6d0d745000 rw-p 010f3000 08:07 18614926                   /usr/lib/jvm/java-11-openjdk-amd64/lib/server/libjvm.so
7f6d0d745000-7f6d0d79d000 rw-p 00000000 00:00 0 
7f6d0d79d000-7f6d0d7a4000 r--p 00000000 08:07 19270842                   /usr/lib/x86_64-linux-gnu/libpthread-2.30.so
7f6d0d7a4000-7f6d0d7b5000 r-xp 00007000 08:07 19270842                   /usr/lib/x86_64-linux-gnu/libpthread-2.30.so
7f6d0d7b5000-7f6d0d7ba000 r--p 00018000 08:07 19270842                   /usr/lib/x86_64-linux-gnu/libpthread-2.30.so
7f6d0d7ba000-7f6d0d7bb000 r--p 0001c000 08:07 19270842                   /usr/lib/x86_64-linux-gnu/libpthread-2.30.so
7f6d0d7bb000-7f6d0d7bc000 rw-p 0001d000 08:07 19270842                   /usr/lib/x86_64-linux-gnu/libpthread-2.30.so
7f6d0d7bc000-7f6d0d7c0000 rw-p 00000000 00:00 0 
7f6d0d7c0000-7f6d0d7c1000 r--p 00000000 08:07 19269912                   /usr/lib/x86_64-linux-gnu/libdl-2.30.so
7f6d0d7c1000-7f6d0d7c3000 r-xp 00001000 08:07 19269912                   /usr/lib/x86_64-linux-gnu/libdl-2.30.so
7f6d0d7c3000-7f6d0d7c4000 r--p 00003000 08:07 19269912                   /usr/lib/x86_64-linux-gnu/libdl-2.30.so
7f6d0d7c4000-7f6d0d7c5000 r--p 00003000 08:07 19269912                   /usr/lib/x86_64-linux-gnu/libdl-2.30.so
7f6d0d7c5000-7f6d0d7c6000 rw-p 00004000 08:07 19269912                   /usr/lib/x86_64-linux-gnu/libdl-2.30.so
7f6d0d7c6000-7f6d0d7c8000 r--p 00000000 08:07 19272070                   /usr/lib/x86_64-linux-gnu/libz.so.1.2.11
7f6d0d7c8000-7f6d0d7d9000 r-xp 00002000 08:07 19272070                   /usr/lib/x86_64-linux-gnu/libz.so.1.2.11
7f6d0d7d9000-7f6d0d7df000 r--p 00013000 08:07 19272070                   /usr/lib/x86_64-linux-gnu/libz.so.1.2.11
7f6d0d7df000-7f6d0d7e0000 ---p 00019000 08:07 19272070                   /usr/lib/x86_64-linux-gnu/libz.so.1.2.11
7f6d0d7e0000-7f6d0d7e1000 r--p 00019000 08:07 19272070                   /usr/lib/x86_64-linux-gnu/libz.so.1.2.11
7f6d0d7e1000-7f6d0d7e2000 rw-p 0001a000 08:07 19272070                   /usr/lib/x86_64-linux-gnu/libz.so.1.2.11
7f6d0d7e2000-7f6d0d807000 r--p 00000000 08:07 19268976                   /usr/lib/x86_64-linux-gnu/libc-2.30.so
7f6d0d807000-7f6d0d97f000 r-xp 00025000 08:07 19268976                   /usr/lib/x86_64-linux-gnu/libc-2.30.so
7f6d0d97f000-7f6d0d9c9000 r--p 0019d000 08:07 19268976                   /usr/lib/x86_64-linux-gnu/libc-2.30.so
7f6d0d9c9000-7f6d0d9cc000 r--p 001e6000 08:07 19268976                   /usr/lib/x86_64-linux-gnu/libc-2.30.so
7f6d0d9cc000-7f6d0d9cf000 rw-p 001e9000 08:07 19268976                   /usr/lib/x86_64-linux-gnu/libc-2.30.so
7f6d0d9cf000-7f6d0d9d3000 rw-p 00000000 00:00 0 
7f6d0d9d3000-7f6d0d9db000 rw-s 00000000 08:07 27525161                   /tmp/hsperfdata_shantarzysta/19689
7f6d0d9db000-7f6d0d9dc000 ---p 00000000 00:00 0 
7f6d0d9dc000-7f6d0d9dd000 r--p 00000000 00:00 0 
7f6d0d9dd000-7f6d0d9e2000 r--p 00000000 08:07 18614919                   /usr/lib/jvm/java-11-openjdk-amd64/lib/libverify.so
7f6d0d9e2000-7f6d0d9e9000 r-xp 00005000 08:07 18614919                   /usr/lib/jvm/java-11-openjdk-amd64/lib/libverify.so
7f6d0d9e9000-7f6d0d9eb000 r--p 0000c000 08:07 18614919                   /usr/lib/jvm/java-11-openjdk-amd64/lib/libverify.so
7f6d0d9eb000-7f6d0d9ec000 ---p 0000e000 08:07 18614919                   /usr/lib/jvm/java-11-openjdk-amd64/lib/libverify.so
7f6d0d9ec000-7f6d0d9ee000 r--p 0000e000 08:07 18614919                   /usr/lib/jvm/java-11-openjdk-amd64/lib/libverify.so
7f6d0d9ee000-7f6d0d9ef000 rw-p 00010000 08:07 18614919                   /usr/lib/jvm/java-11-openjdk-amd64/lib/libverify.so
7f6d0d9ef000-7f6d0d9f2000 r--p 00000000 08:07 18614880                   /usr/lib/jvm/java-11-openjdk-amd64/lib/jli/libjli.so
7f6d0d9f2000-7f6d0d9fc000 r-xp 00003000 08:07 18614880                   /usr/lib/jvm/java-11-openjdk-amd64/lib/jli/libjli.so
7f6d0d9fc000-7f6d0d9ff000 r--p 0000d000 08:07 18614880                   /usr/lib/jvm/java-11-openjdk-amd64/lib/jli/libjli.so
7f6d0d9ff000-7f6d0da00000 r--p 0000f000 08:07 18614880                   /usr/lib/jvm/java-11-openjdk-amd64/lib/jli/libjli.so
7f6d0da00000-7f6d0da01000 rw-p 00010000 08:07 18614880                   /usr/lib/jvm/java-11-openjdk-amd64/lib/jli/libjli.so
7f6d0da01000-7f6d0da03000 rw-p 00000000 00:00 0 
7f6d0da03000-7f6d0da04000 r--p 00000000 08:07 19268853                   /usr/lib/x86_64-linux-gnu/ld-2.30.so
7f6d0da04000-7f6d0da26000 r-xp 00001000 08:07 19268853                   /usr/lib/x86_64-linux-gnu/ld-2.30.so
7f6d0da26000-7f6d0da2e000 r--p 00023000 08:07 19268853                   /usr/lib/x86_64-linux-gnu/ld-2.30.so
7f6d0da2f000-7f6d0da30000 r--p 0002b000 08:07 19268853                   /usr/lib/x86_64-linux-gnu/ld-2.30.so
7f6d0da30000-7f6d0da31000 rw-p 0002c000 08:07 19268853                   /usr/lib/x86_64-linux-gnu/ld-2.30.so
7f6d0da31000-7f6d0da32000 rw-p 00000000 00:00 0 
7ffe6edfa000-7ffe6ee1b000 rw-p 00000000 00:00 0                          [stack]
7ffe6ef33000-7ffe6ef36000 r--p 00000000 00:00 0                          [vvar]
7ffe6ef36000-7ffe6ef37000 r-xp 00000000 00:00 0                          [vdso]
ffffffffff600000-ffffffffff601000 --xp 00000000 00:00 0                  [vsyscall]


VM Arguments:
jvm_args: -agentlib:jdwp=transport=dt_socket,suspend=y,address=localhost:41905 -javaagent:/home/shantarzysta/.eclipse/360744286_linux_gtk_x86_64/configuration/org.eclipse.osgi/222/0/.cp/lib/javaagent-shaded.jar -Dfile.encoding=UTF-8 
java_command: KODOWNIA
java_class_path (initial): /home/shantarzysta/Downloads/projekty/KODOWNIA/bin
Launcher Type: SUN_STANDARD

[Global flags]
     intx CICompilerCount                          = 4                                         {product} {ergonomic}
     uint ConcGCThreads                            = 2                                         {product} {ergonomic}
     uint G1ConcRefinementThreads                  = 8                                         {product} {ergonomic}
   size_t G1HeapRegionSize                         = 1048576                                   {product} {ergonomic}
    uintx GCDrainStackTargetSize                   = 64                                        {product} {ergonomic}
   size_t InitialHeapSize                          = 130023424                                 {product} {ergonomic}
   size_t MarkStackSize                            = 4194304                                   {product} {ergonomic}
   size_t MaxHeapSize                              = 2065694720                                {product} {ergonomic}
   size_t MaxNewSize                               = 1239416832                                {product} {ergonomic}
   size_t MinHeapDeltaBytes                        = 1048576                                   {product} {ergonomic}
    uintx NonNMethodCodeHeapSize                   = 5836300                                {pd product} {ergonomic}
    uintx NonProfiledCodeHeapSize                  = 122910970                              {pd product} {ergonomic}
    uintx ProfiledCodeHeapSize                     = 122910970                              {pd product} {ergonomic}
    uintx ReservedCodeCacheSize                    = 251658240                              {pd product} {ergonomic}
     bool SegmentedCodeCache                       = true                                      {product} {ergonomic}
     bool UseCompressedClassPointers               = true                                 {lp64_product} {ergonomic}
     bool UseCompressedOops                        = true                                 {lp64_product} {ergonomic}
     bool UseG1GC                                  = true                                      {product} {ergonomic}

Logging:
Log output configuration:
 #0: stdout all=warning uptime,level,tags
 #1: stderr all=off uptime,level,tags

Environment Variables:
PATH=/usr/local/sbin:/usr/local/bin:/usr/sbin:/usr/bin:/sbin:/bin:/usr/games:/usr/local/games:/snap/bin
USERNAME=shantarzysta
SHELL=/bin/bash
DISPLAY=:1

Signal Handlers:
SIGSEGV: [libjvm.so+0xd8d310], sa_mask[0]=11111111011111111101111111111110, sa_flags=SA_RESTART|SA_SIGINFO
SIGBUS: [libjvm.so+0xd8d310], sa_mask[0]=11111111011111111101111111111110, sa_flags=SA_RESTART|SA_SIGINFO
SIGFPE: [libjvm.so+0xd8d310], sa_mask[0]=11111111011111111101111111111110, sa_flags=SA_RESTART|SA_SIGINFO
SIGPIPE: [libjvm.so+0xb85dd0], sa_mask[0]=11111111011111111101111111111110, sa_flags=SA_RESTART|SA_SIGINFO
SIGXFSZ: [libjvm.so+0xb85dd0], sa_mask[0]=11111111011111111101111111111110, sa_flags=SA_RESTART|SA_SIGINFO
SIGILL: [libjvm.so+0xd8d310], sa_mask[0]=11111111011111111101111111111110, sa_flags=SA_RESTART|SA_SIGINFO
SIGUSR2: [libjvm.so+0xb85c70], sa_mask[0]=00100000000000000000000000000000, sa_flags=SA_RESTART|SA_SIGINFO
SIGHUP: [libjvm.so+0xb86110], sa_mask[0]=11111111011111111101111111111110, sa_flags=SA_RESTART|SA_SIGINFO
SIGINT: [libjvm.so+0xb86110], sa_mask[0]=11111111011111111101111111111110, sa_flags=SA_RESTART|SA_SIGINFO
SIGTERM: [libjvm.so+0xb86110], sa_mask[0]=11111111011111111101111111111110, sa_flags=SA_RESTART|SA_SIGINFO
SIGQUIT: [libjvm.so+0xb86110], sa_mask[0]=11111111011111111101111111111110, sa_flags=SA_RESTART|SA_SIGINFO


---------------  S Y S T E M  ---------------

OS:DISTRIB_ID=Ubuntu
DISTRIB_RELEASE=19.10
DISTRIB_CODENAME=eoan
DISTRIB_DESCRIPTION="Pop!_OS 19.10"
uname:Linux 5.3.0-7648-generic #41~1586789791~19.10~9593806-Ubuntu SMP Mon Apr 13 17:50:40 UTC  x86_64
OS uptime: 0 days 6:46 hours
libc:glibc 2.30 NPTL 2.30 
rlimit: STACK 8192k, CORE 0k, NPROC 31110, NOFILE 1048576, AS infinity, CPU infinity, DATA infinity, FSIZE infinity
load average:1.91 1.88 1.58

/proc/meminfo:
MemTotal:        8066192 kB
MemFree:          166956 kB
MemAvailable:    3491832 kB
Buffers:          280668 kB
Cached:          3397432 kB
SwapCached:           16 kB
Active:          4749128 kB
Inactive:        2482700 kB
Active(anon):    3479284 kB
Inactive(anon):   294276 kB
Active(file):    1269844 kB
Inactive(file):  2188424 kB
Unevictable:        1224 kB
Mlocked:              64 kB
SwapTotal:       8516088 kB
SwapFree:        8515564 kB
Dirty:               196 kB
Writeback:             0 kB
AnonPages:       3554928 kB
Mapped:          1065528 kB
Shmem:            220824 kB
KReclaimable:     176520 kB
Slab:             342676 kB
SReclaimable:     176520 kB
SUnreclaim:       166156 kB
KernelStack:       16636 kB
PageTables:        43484 kB
NFS_Unstable:          0 kB
Bounce:                0 kB
WritebackTmp:          0 kB
CommitLimit:    12549184 kB
Committed_AS:   11350708 kB
VmallocTotal:   34359738367 kB
VmallocUsed:       58992 kB
VmallocChunk:          0 kB
Percpu:             5216 kB
HardwareCorrupted:     0 kB
AnonHugePages:         0 kB
ShmemHugePages:        0 kB
ShmemPmdMapped:        0 kB
CmaTotal:              0 kB
CmaFree:               0 kB
HugePages_Total:       0
HugePages_Free:        0
HugePages_Rsvd:        0
HugePages_Surp:        0
Hugepagesize:       2048 kB
Hugetlb:               0 kB
DirectMap4k:      561924 kB
DirectMap2M:     6692864 kB
DirectMap1G:     1048576 kB


/proc/sys/kernel/threads-max (system-wide limit on the number of threads):
62221


/proc/sys/vm/max_map_count (maximum number of memory map areas a process may have):
65530


/proc/sys/kernel/pid_max (system-wide limit on number of process identifiers):
32768



container (cgroup) information:
container_type: cgroupv1
cpu_cpuset_cpus: 0-7
cpu_memory_nodes: 0
active_processor_count: 8
cpu_quota: -1
cpu_period: 100000
cpu_shares: -1
memory_limit_in_bytes: -1
memory_and_swap_limit_in_bytes: -2
memory_soft_limit_in_bytes: -1
memory_usage_in_bytes: 6182776832
memory_max_usage_in_bytes: 6224343040

Steal ticks since vm start: 0
Steal ticks percentage since vm start:  0.000

CPU:total 8 (initial active 8) (4 cores per cpu, 2 threads per core) family 6 model 158 stepping 9, cmov, cx8, fxsr, mmx, sse, sse2, sse3, ssse3, sse4.1, sse4.2, popcnt, avx, avx2, aes, clmul, erms, 3dnowpref, lzcnt, ht, tsc, tscinvbit, bmi1, bmi2, adx, fma
CPU Model and flags from /proc/cpuinfo:
model name	: Intel(R) Core(TM) i7-7700HQ CPU @ 2.80GHz
flags		: fpu vme de pse tsc msr pae mce cx8 apic sep mtrr pge mca cmov pat pse36 clflush dts acpi mmx fxsr sse sse2 ss ht tm pbe syscall nx pdpe1gb rdtscp lm constant_tsc art arch_perfmon pebs bts rep_good nopl xtopology nonstop_tsc cpuid aperfmperf pni pclmulqdq dtes64 monitor ds_cpl vmx est tm2 ssse3 sdbg fma cx16 xtpr pdcm pcid sse4_1 sse4_2 x2apic movbe popcnt tsc_deadline_timer aes xsave avx f16c rdrand lahf_lm abm 3dnowprefetch cpuid_fault epb invpcid_single pti ssbd ibrs ibpb stibp tpr_shadow vnmi flexpriority ept vpid ept_ad fsgsbase tsc_adjust bmi1 avx2 smep bmi2 erms invpcid mpx rdseed adx smap clflushopt intel_pt xsaveopt xsavec xgetbv1 xsaves dtherm ida arat pln pts hwp hwp_notify hwp_act_window hwp_epp md_clear flush_l1d

Memory: 4k page, physical 8066192k(166956k free), swap 8516088k(8515564k free)

vm_info: OpenJDK 64-Bit Server VM (11.0.7+10-post-Ubuntu-2ubuntu219.10) for linux-amd64 JRE (11.0.7+10-post-Ubuntu-2ubuntu219.10), built on Apr 15 2020 21:12:54 by "unknown" with gcc 9.2.1 20191008

END.
